<?xml version="1.0" encoding="UTF-8"?>
<testng-results skipped="0" failed="0" ignored="0" total="2" passed="2">
  <reporter-output>
  </reporter-output>
  <suite name="Default suite" duration-ms="172419" started-at="2020-11-24T05:13:23Z" finished-at="2020-11-24T05:16:15Z">
    <groups>
    </groups>
    <test name="Default test" duration-ms="172419" started-at="2020-11-24T05:13:23Z" finished-at="2020-11-24T05:16:15Z">
      <class name="practise.AppiumFramework.ApiDemoTest">
        <test-method status="PASS" signature="killAllNodes()[pri:0, instance:practise.AppiumFramework.ApiDemoTest@2b2948e2]" name="killAllNodes" is-config="true" duration-ms="3033" started-at="2020-11-24T05:13:23Z" finished-at="2020-11-24T05:13:26Z">
          <reporter-output>
          </reporter-output>
        </test-method> <!-- killAllNodes -->
        <test-method status="PASS" signature="apiDemo(java.lang.String)[pri:0, instance:practise.AppiumFramework.ApiDemoTest@2b2948e2]" name="apiDemo" duration-ms="101272" started-at="2020-11-24T05:13:26Z" data-provider="InputData" finished-at="2020-11-24T05:15:07Z">
          <params>
            <param index="0">
              <value>
                <![CDATA[hello]]>
              </value>
            </param>
          </params>
          <reporter-output>
          </reporter-output>
        </test-method> <!-- apiDemo -->
        <test-method status="PASS" signature="apiDemo(java.lang.String)[pri:0, instance:practise.AppiumFramework.ApiDemoTest@2b2948e2]" name="apiDemo" duration-ms="67975" started-at="2020-11-24T05:15:07Z" data-provider="InputData" finished-at="2020-11-24T05:16:15Z">
          <params>
            <param index="0">
              <value>
                <![CDATA[@#$%]]>
              </value>
            </param>
          </params>
          <reporter-output>
          </reporter-output>
        </test-method> <!-- apiDemo -->
      </class> <!-- practise.AppiumFramework.ApiDemoTest -->
    </test> <!-- Default test -->
  </suite> <!-- Default suite -->
</testng-results>
